c:\users\luke simurina\documents\github\harmony\harmony_cheat\release\vc141.pdb
c:\users\luke simurina\documents\github\harmony\harmony_cheat\release\imgui_demo.obj
c:\users\luke simurina\documents\github\harmony\harmony_cheat\release\imgui.obj
c:\users\luke simurina\documents\github\harmony\harmony_cheat\release\imgui_impl_dx9.obj
c:\users\luke simurina\documents\github\harmony\harmony_cheat\release\colorpicker.obj
c:\users\luke simurina\documents\github\harmony\harmony_cheat\release\lodepng.obj
c:\users\luke simurina\documents\github\harmony\harmony_cheat\release\visuals.obj
c:\users\luke simurina\documents\github\harmony\harmony_cheat\release\resolver.obj
c:\users\luke simurina\documents\github\harmony\harmony_cheat\release\movement.obj
c:\users\luke simurina\documents\github\harmony\harmony_cheat\release\fakelag.obj
c:\users\luke simurina\documents\github\harmony\harmony_cheat\release\eventlistener.obj
c:\users\luke simurina\documents\github\harmony\harmony_cheat\release\engineprediction.obj
c:\users\luke simurina\documents\github\harmony\harmony_cheat\release\backtracking.obj
c:\users\luke simurina\documents\github\harmony\harmony_cheat\release\grenadepred.obj
c:\users\luke simurina\documents\github\harmony\harmony_cheat\release\senddatagram.obj
c:\users\luke simurina\documents\github\harmony\harmony_cheat\release\fakelatency.obj
c:\users\luke simurina\documents\github\harmony\harmony_cheat\release\autowall.obj
c:\users\luke simurina\documents\github\harmony\harmony_cheat\release\antiaim.obj
c:\users\luke simurina\documents\github\harmony\harmony_cheat\release\aimbot.obj
c:\users\luke simurina\documents\github\harmony\harmony_cheat\release\menu_objects.obj
c:\users\luke simurina\documents\github\harmony\harmony_cheat\release\menu_framework.obj
c:\users\luke simurina\documents\github\harmony\harmony_cheat\release\menu_commands.obj
c:\users\luke simurina\documents\github\harmony\harmony_cheat\release\main.obj
c:\users\luke simurina\documents\github\harmony\harmony_cheat\release\menu.obj
c:\users\luke simurina\documents\github\harmony\harmony_cheat\release\imgui_draw.obj
c:\users\luke simurina\documents\github\harmony\harmony_cheat\release\vmt.obj
c:\users\luke simurina\documents\github\harmony\harmony_cheat\release\vector4d.obj
c:\users\luke simurina\documents\github\harmony\harmony_cheat\release\spoofedconvar.obj
c:\users\luke simurina\documents\github\harmony\harmony_cheat\release\render.obj
c:\users\luke simurina\documents\github\harmony\harmony_cheat\release\offsets.obj
c:\users\luke simurina\documents\github\harmony\harmony_cheat\release\netvarhookmanager.obj
c:\users\luke simurina\documents\github\harmony\harmony_cheat\release\variables.obj
c:\users\luke simurina\documents\github\harmony\harmony_cheat\release\math.obj
c:\users\luke simurina\documents\github\harmony\harmony_cheat\release\logging.obj
c:\users\luke simurina\documents\github\harmony\harmony_cheat\release\chams.obj
c:\users\luke simurina\documents\github\harmony\harmony_cheat\release\interfaces.obj
c:\users\luke simurina\documents\github\harmony\harmony_cheat\release\input_handler.obj
c:\users\luke simurina\documents\github\harmony\harmony_cheat\release\hooks.obj
c:\users\luke simurina\documents\github\harmony\harmony_cheat\release\general_utils.obj
c:\users\luke simurina\documents\github\harmony\harmony_cheat\release\sdk.obj
c:\users\luke simurina\documents\github\harmony\harmony_cheat\release\menu_init.obj
c:\users\luke simurina\documents\github\harmony\harmony_cheat\release\textures.obj
c:\users\luke simurina\documents\github\harmony\harmony_cheat\release\fakewalk.obj
c:\users\luke simurina\documents\github\harmony\harmony_cheat\cheat\toeaim.ipdb
c:\users\luke simurina\documents\github\harmony\harmony_cheat\cheat\toeaim.iobj
c:\users\luke simurina\documents\github\harmony\harmony_cheat\cheat\main.ipdb
c:\users\luke simurina\documents\github\harmony\harmony_cheat\cheat\main.iobj
i:\cheat\main.ipdb
i:\cheat\main.iobj
c:\users\luke simurina\documents\github\harmony\harmony_cheat\release\harmony.tlog\cl.command.1.tlog
c:\users\luke simurina\documents\github\harmony\harmony_cheat\release\harmony.tlog\cl.read.1.tlog
c:\users\luke simurina\documents\github\harmony\harmony_cheat\release\harmony.tlog\cl.write.1.tlog
c:\users\luke simurina\documents\github\harmony\harmony_cheat\release\harmony.tlog\harmony.write.1u.tlog
c:\users\luke simurina\documents\github\harmony\harmony_cheat\release\harmony.tlog\link.command.1.tlog
c:\users\luke simurina\documents\github\harmony\harmony_cheat\release\harmony.tlog\link.read.1.tlog
c:\users\luke simurina\documents\github\harmony\harmony_cheat\release\harmony.tlog\link.write.1.tlog
